<?xml version="1.0" encoding="UTF-8"?>
<!-- Generated by org.testng.reporters.JUnitXMLReporter -->
<testsuite ignored="2" hostname="DESKTOP-DJ4FDME" failures="0" tests="2" name="Test" time="32.358" errors="0" timestamp="2024-05-16T22:22:44 IST">
  <testcase classname="org.xyz.auto.fb.KeyboardMouse" name="handleAalert" time="3.307"/>
  <testcase classname="org.xyz.auto.fb.KeyboardMouse" name="handleFrames" time="28.999"/>
  <testcase classname="org.xyz.auto.fb.KeyboardMouse" name="mouseControl" time="0.0">
    <ignored/>
  </testcase> <!-- mouseControl -->
  <testcase classname="org.xyz.auto.fb.KeyboardMouse" name="keyboardControl" time="0.0">
    <ignored/>
  </testcase> <!-- keyboardControl -->
</testsuite> <!-- Test -->
