<?xml version="1.0" encoding="UTF-8"?>
<testng-results ignored="0" total="1" passed="1" failed="0" skipped="0">
  <reporter-output>
  </reporter-output>
  <suite started-at="2024-05-22T22:23:05 IST" name="Default suite" finished-at="2024-05-22T22:23:14 IST" duration-ms="9107">
    <groups>
    </groups>
    <test started-at="2024-05-22T22:23:05 IST" name="Default test" finished-at="2024-05-22T22:23:14 IST" duration-ms="9107">
      <class name="org.wipro.automation.fb.testcases.SignupScenario">
        <test-method is-config="true" signature="launchBrowser()[pri:0, instance:org.wipro.automation.fb.testcases.SignupScenario@6bd61f98]" started-at="2024-05-22T22:23:05 IST" name="launchBrowser" finished-at="2024-05-22T22:23:13 IST" duration-ms="7522" status="PASS">
          <reporter-output>
          </reporter-output>
        </test-method> <!-- launchBrowser -->
        <test-method signature="tc0020_validatesignup()[pri:0, instance:org.wipro.automation.fb.testcases.SignupScenario@6bd61f98]" started-at="2024-05-22T22:23:13 IST" name="tc0020_validatesignup" finished-at="2024-05-22T22:23:14 IST" duration-ms="1490" status="PASS">
          <reporter-output>
          </reporter-output>
        </test-method> <!-- tc0020_validatesignup -->
        <test-method is-config="true" signature="closeBrowser()[pri:0, instance:org.wipro.automation.fb.testcases.SignupScenario@6bd61f98]" started-at="2024-05-22T22:23:14 IST" name="closeBrowser" finished-at="2024-05-22T22:23:14 IST" duration-ms="1" status="PASS">
          <reporter-output>
          </reporter-output>
        </test-method> <!-- closeBrowser -->
      </class> <!-- org.wipro.automation.fb.testcases.SignupScenario -->
    </test> <!-- Default test -->
  </suite> <!-- Default suite -->
</testng-results>
